ASTimeTracker/app/build/outputs/logs/manifest-merger-debug-report.txt
-- Merging decision tree log ---
manifest
ADDED from src\main\AndroidManifest.xml:2:1-114:12
	xmlns:android
		ADDED from src\main\AndroidManifest.xml:2:11-69
	package
		ADDED from src\main\AndroidManifest.xml:3:5-53
		INJECTED from src\main\AndroidManifest.xml
		INJECTED from src\main\AndroidManifest.xml
	android:versionName
		ADDED from src\main\AndroidManifest.xml:5:5-31
	android:versionCode
		ADDED from src\main\AndroidManifest.xml:4:5-29
		INJECTED from src\main\AndroidManifest.xml
		INJECTED from src\main\AndroidManifest.xml
uses-sdk
ADDED from src\main\AndroidManifest.xml:7:5-9:41
MERGED from [com.android.support:appcompat-v7:19.1.0] AndroidManifest.xml:18:5-42
MERGED from [com.android.support:gridlayout-v7:19.1.0] AndroidManifest.xml:18:5-42
	android:targetSdkVersion
		ADDED from src\main\AndroidManifest.xml:9:9-38
		INJECTED from src\main\AndroidManifest.xml
		INJECTED from src\main\AndroidManifest.xml
	android:minSdkVersion
		ADDED from src\main\AndroidManifest.xml:8:9-35
		INJECTED from src\main\AndroidManifest.xml
		INJECTED from src\main\AndroidManifest.xml
uses-permission#android.permission.WRITE_EXTERNAL_STORAGE
ADDED from src\main\AndroidManifest.xml:10:5-81
	android:name
		ADDED from src\main\AndroidManifest.xml:10:22-78
uses-permission#android.permission.READ_EXTERNAL_STORAGE
ADDED from src\main\AndroidManifest.xml:11:5-80
	android:name
		ADDED from src\main\AndroidManifest.xml:11:22-77
uses-permission#android.permission.ACCESS_NETWORK_STATE
ADDED from src\main\AndroidManifest.xml:12:5-79
	android:name
		ADDED from src\main\AndroidManifest.xml:12:22-76
uses-permission#android.permission.INTERNET
ADDED from src\main\AndroidManifest.xml:13:5-67
	android:name
		ADDED from src\main\AndroidManifest.xml:13:22-64
supports-screens
ADDED from src\main\AndroidManifest.xml:14:5-53
	android:largeScreens
		ADDED from src\main\AndroidManifest.xml:14:23-50
application
ADDED from src\main\AndroidManifest.xml:17:5-112:19
MERGED from [com.android.support:appcompat-v7:19.1.0] AndroidManifest.xml:19:5-20
MERGED from [com.android.support:gridlayout-v7:19.1.0] AndroidManifest.xml:19:5-20
	android:label
		ADDED from src\main\AndroidManifest.xml:20:9-41
	android:allowBackup
		ADDED from src\main\AndroidManifest.xml:18:9-35
	android:icon
		ADDED from src\main\AndroidManifest.xml:19:9-42
	android:theme
		ADDED from src\main\AndroidManifest.xml:21:9-53
activity#com.tricellsoftware.timetrackertestapp.SplashScreenActivity
ADDED from src\main\AndroidManifest.xml:24:9-32:24
	android:label
		ADDED from src\main\AndroidManifest.xml:26:13-45
	android:name
		ADDED from src\main\AndroidManifest.xml:25:13-87
intent-filter#android.intent.action.MAIN+android.intent.category.LAUNCHER
ADDED from src\main\AndroidManifest.xml:27:14-31:29
action#android.intent.action.MAIN
ADDED from src\main\AndroidManifest.xml:28:17-69
	android:name
		ADDED from src\main\AndroidManifest.xml:28:25-66
category#android.intent.category.LAUNCHER
ADDED from src\main\AndroidManifest.xml:30:17-77
	android:name
		ADDED from src\main\AndroidManifest.xml:30:27-74
activity#com.tricellsoftware.timetrackertestapp.MainActivity
ADDED from src\main\AndroidManifest.xml:33:9-37:20
	android:label
		ADDED from src\main\AndroidManifest.xml:36:13-45
	android:name
		ADDED from src\main\AndroidManifest.xml:35:13-79
activity#com.tricellsoftware.timetrackertestapp.MainTabActivity
ADDED from src\main\AndroidManifest.xml:38:10-42:20
	android:label
		ADDED from src\main\AndroidManifest.xml:40:13-45
	android:name
		ADDED from src\main\AndroidManifest.xml:39:13-82
	android:launchMode
		ADDED from src\main\AndroidManifest.xml:41:13-43
activity#com.tricellsoftware.timetrackertestapp.ClocksActivity
ADDED from src\main\AndroidManifest.xml:43:9-47:20
	android:label
		ADDED from src\main\AndroidManifest.xml:45:13-45
	android:parentActivityName
		ADDED from src\main\AndroidManifest.xml:46:13-93
	android:name
		ADDED from src\main\AndroidManifest.xml:44:13-81
activity#com.tricellsoftware.timetrackertestapp.ProfileActivity
ADDED from src\main\AndroidManifest.xml:48:9-52:20
	android:label
		ADDED from src\main\AndroidManifest.xml:50:13-45
	android:parentActivityName
		ADDED from src\main\AndroidManifest.xml:51:13-93
	android:name
		ADDED from src\main\AndroidManifest.xml:49:13-82
activity#com.tricellsoftware.timetrackertestapp.CompanyMainActivity
ADDED from src\main\AndroidManifest.xml:53:9-57:20
	android:label
		ADDED from src\main\AndroidManifest.xml:55:13-45
	android:parentActivityName
		ADDED from src\main\AndroidManifest.xml:56:13-93
	android:name
		ADDED from src\main\AndroidManifest.xml:54:13-86
activity#com.tricellsoftware.timetrackertestapp.CompanyActivity
ADDED from src\main\AndroidManifest.xml:58:9-63:20
	android:label
		ADDED from src\main\AndroidManifest.xml:60:13-45
	android:parentActivityName
		ADDED from src\main\AndroidManifest.xml:61:13-101
	android:name
		ADDED from src\main\AndroidManifest.xml:59:13-82
activity#com.tricellsoftware.timetrackertestapp.CompanyRatesActivity
ADDED from src\main\AndroidManifest.xml:64:9-69:20
	android:label
		ADDED from src\main\AndroidManifest.xml:66:13-45
	android:parentActivityName
		ADDED from src\main\AndroidManifest.xml:67:13-93
	android:name
		ADDED from src\main\AndroidManifest.xml:65:13-87
activity#com.tricellsoftware.timetrackertestapp.TimeLogListActivity
ADDED from src\main\AndroidManifest.xml:70:9-74:20
	android:label
		ADDED from src\main\AndroidManifest.xml:72:13-45
	android:parentActivityName
		ADDED from src\main\AndroidManifest.xml:73:13-93
	android:name
		ADDED from src\main\AndroidManifest.xml:71:13-86
activity#com.tricellsoftware.timetrackertestapp.CalendarViewActivity
ADDED from src\main\AndroidManifest.xml:75:9-80:20
	android:label
		ADDED from src\main\AndroidManifest.xml:77:13-45
	android:name
		ADDED from src\main\AndroidManifest.xml:76:13-87
	android:launchMode
		ADDED from src\main\AndroidManifest.xml:78:13-43
activity#com.tricellsoftware.timetrackertestapp.SummaryActivity
ADDED from src\main\AndroidManifest.xml:88:9-92:20
	android:label
		ADDED from src\main\AndroidManifest.xml:90:13-45
	android:parentActivityName
		ADDED from src\main\AndroidManifest.xml:91:13-93
	android:name
		ADDED from src\main\AndroidManifest.xml:89:13-82
activity#com.tricellsoftware.timetrackertestapp.EditTimeActivity
ADDED from src\main\AndroidManifest.xml:93:9-98:20
	android:label
		ADDED from src\main\AndroidManifest.xml:95:13-45
	android:parentActivityName
		ADDED from src\main\AndroidManifest.xml:96:13-100
	android:name
		ADDED from src\main\AndroidManifest.xml:94:13-83
activity#com.tricellsoftware.timetrackertestapp.TimeLogMainActivity
ADDED from src\main\AndroidManifest.xml:100:9-105:20
	android:label
		ADDED from src\main\AndroidManifest.xml:102:13-45
	android:parentActivityName
		ADDED from src\main\AndroidManifest.xml:103:13-96
	android:name
		ADDED from src\main\AndroidManifest.xml:101:13-86
provider#com.tricellsoftware.timetrackertestapp.contentprovider.TimeTrackerContentProvider
ADDED from src\main\AndroidManifest.xml:108:9-111:20
	android:authorities
		ADDED from src\main\AndroidManifest.xml:110:13-81
	android:name
		ADDED from src\main\AndroidManifest.xml:109:13-109